Determining if the pthread_create exist failed with the following output:
Change Dir: /home/jose/catkin_ws/build/CMakeFiles/CMakeTmp

Run Build Command:"/usr/bin/make" "cmTC_3cd1e/fast"
/usr/bin/make -f CMakeFiles/cmTC_3cd1e.dir/build.make CMakeFiles/cmTC_3cd1e.dir/build
make[1]: Entering directory '/home/jose/catkin_ws/build/CMakeFiles/CMakeTmp'
Building C object CMakeFiles/cmTC_3cd1e.dir/CheckSymbolExists.c.o
/usr/bin/cc    -o CMakeFiles/cmTC_3cd1e.dir/CheckSymbolExists.c.o   -c /home/jose/catkin_ws/build/CMakeFiles/CMakeTmp/CheckSymbolExists.c
Linking C executable cmTC_3cd1e
/usr/bin/cmake -E cmake_link_script CMakeFiles/cmTC_3cd1e.dir/link.txt --verbose=1
/usr/bin/cc      -rdynamic CMakeFiles/cmTC_3cd1e.dir/CheckSymbolExists.c.o  -o cmTC_3cd1e 
CMakeFiles/cmTC_3cd1e.dir/CheckSymbolExists.c.o: In function `main':
CheckSymbolExists.c:(.text+0x1b): undefined reference to `pthread_create'
collect2: error: ld returned 1 exit status
CMakeFiles/cmTC_3cd1e.dir/build.make:97: recipe for target 'cmTC_3cd1e' failed
make[1]: *** [cmTC_3cd1e] Error 1
make[1]: Leaving directory '/home/jose/catkin_ws/build/CMakeFiles/CMakeTmp'
Makefile:126: recipe for target 'cmTC_3cd1e/fast' failed
make: *** [cmTC_3cd1e/fast] Error 2

File /home/jose/catkin_ws/build/CMakeFiles/CMakeTmp/CheckSymbolExists.c:
/* */
#include <pthread.h>

int main(int argc, char** argv)
{
  (void)argv;
#ifndef pthread_create
  return ((int*)(&pthread_create))[argc];
#else
  (void)argc;
  return 0;
#endif
}

Determining if the function pthread_create exists in the pthreads failed with the following output:
Change Dir: /home/jose/catkin_ws/build/CMakeFiles/CMakeTmp

Run Build Command:"/usr/bin/make" "cmTC_d34ed/fast"
/usr/bin/make -f CMakeFiles/cmTC_d34ed.dir/build.make CMakeFiles/cmTC_d34ed.dir/build
make[1]: Entering directory '/home/jose/catkin_ws/build/CMakeFiles/CMakeTmp'
Building C object CMakeFiles/cmTC_d34ed.dir/CheckFunctionExists.c.o
/usr/bin/cc   -DCHECK_FUNCTION_EXISTS=pthread_create   -o CMakeFiles/cmTC_d34ed.dir/CheckFunctionExists.c.o   -c /usr/share/cmake-3.10/Modules/CheckFunctionExists.c
Linking C executable cmTC_d34ed
/usr/bin/cmake -E cmake_link_script CMakeFiles/cmTC_d34ed.dir/link.txt --verbose=1
/usr/bin/cc  -DCHECK_FUNCTION_EXISTS=pthread_create    -rdynamic CMakeFiles/cmTC_d34ed.dir/CheckFunctionExists.c.o  -o cmTC_d34ed -lpthreads 
/usr/bin/ld: cannot find -lpthreads
collect2: error: ld returned 1 exit status
CMakeFiles/cmTC_d34ed.dir/build.make:97: recipe for target 'cmTC_d34ed' failed
make[1]: *** [cmTC_d34ed] Error 1
make[1]: Leaving directory '/home/jose/catkin_ws/build/CMakeFiles/CMakeTmp'
Makefile:126: recipe for target 'cmTC_d34ed/fast' failed
make: *** [cmTC_d34ed/fast] Error 2


