Determining if the pthread_create exist failed with the following output:
Change Dir: /home/jesse/f110-2019-c/week4-wall-ws/build/CMakeFiles/CMakeTmp

Run Build Command:"/usr/bin/make" "cmTC_071d9/fast"
/usr/bin/make -f CMakeFiles/cmTC_071d9.dir/build.make CMakeFiles/cmTC_071d9.dir/build
make[1]: Entering directory '/home/jesse/f110-2019-c/week4-wall-ws/build/CMakeFiles/CMakeTmp'
Building C object CMakeFiles/cmTC_071d9.dir/CheckSymbolExists.c.o
/usr/bin/cc     -o CMakeFiles/cmTC_071d9.dir/CheckSymbolExists.c.o   -c /home/jesse/f110-2019-c/week4-wall-ws/build/CMakeFiles/CMakeTmp/CheckSymbolExists.c
Linking C executable cmTC_071d9
/usr/bin/cmake -E cmake_link_script CMakeFiles/cmTC_071d9.dir/link.txt --verbose=1
/usr/bin/cc       CMakeFiles/cmTC_071d9.dir/CheckSymbolExists.c.o  -o cmTC_071d9 -rdynamic 
CMakeFiles/cmTC_071d9.dir/CheckSymbolExists.c.o: In function `main':
CheckSymbolExists.c:(.text+0x16): undefined reference to `pthread_create'
collect2: error: ld returned 1 exit status
CMakeFiles/cmTC_071d9.dir/build.make:97: recipe for target 'cmTC_071d9' failed
make[1]: *** [cmTC_071d9] Error 1
make[1]: Leaving directory '/home/jesse/f110-2019-c/week4-wall-ws/build/CMakeFiles/CMakeTmp'
Makefile:126: recipe for target 'cmTC_071d9/fast' failed
make: *** [cmTC_071d9/fast] Error 2

File /home/jesse/f110-2019-c/week4-wall-ws/build/CMakeFiles/CMakeTmp/CheckSymbolExists.c:
/* */
#include <pthread.h>

int main(int argc, char** argv)
{
  (void)argv;
#ifndef pthread_create
  return ((int*)(&pthread_create))[argc];
#else
  (void)argc;
  return 0;
#endif
}

Determining if the function pthread_create exists in the pthreads failed with the following output:
Change Dir: /home/jesse/f110-2019-c/week4-wall-ws/build/CMakeFiles/CMakeTmp

Run Build Command:"/usr/bin/make" "cmTC_20465/fast"
/usr/bin/make -f CMakeFiles/cmTC_20465.dir/build.make CMakeFiles/cmTC_20465.dir/build
make[1]: Entering directory '/home/jesse/f110-2019-c/week4-wall-ws/build/CMakeFiles/CMakeTmp'
Building C object CMakeFiles/cmTC_20465.dir/CheckFunctionExists.c.o
/usr/bin/cc    -DCHECK_FUNCTION_EXISTS=pthread_create   -o CMakeFiles/cmTC_20465.dir/CheckFunctionExists.c.o   -c /usr/share/cmake-3.5/Modules/CheckFunctionExists.c
Linking C executable cmTC_20465
/usr/bin/cmake -E cmake_link_script CMakeFiles/cmTC_20465.dir/link.txt --verbose=1
/usr/bin/cc   -DCHECK_FUNCTION_EXISTS=pthread_create    CMakeFiles/cmTC_20465.dir/CheckFunctionExists.c.o  -o cmTC_20465 -rdynamic -lpthreads 
/usr/bin/ld: cannot find -lpthreads
collect2: error: ld returned 1 exit status
CMakeFiles/cmTC_20465.dir/build.make:97: recipe for target 'cmTC_20465' failed
make[1]: *** [cmTC_20465] Error 1
make[1]: Leaving directory '/home/jesse/f110-2019-c/week4-wall-ws/build/CMakeFiles/CMakeTmp'
Makefile:126: recipe for target 'cmTC_20465/fast' failed
make: *** [cmTC_20465/fast] Error 2


